<?xml version="1.0" encoding="UTF-8"?>
<!-- Generated by org.testng.reporters.JUnitReportReporter -->
<testsuite skipped="0" hostname="DESKTOP-QUFA5SU" name="com.impiger.freshbeniesmobile.runner.MotoG5PlusTestNGRunnerTest" tests="3" failures="0" timestamp="06 Jul 2020 11:48:12 GMT" time="79.407" errors="0">
  <testcase name="scenario" time="31.311" classname="com.impiger.freshbeniesmobile.runner.MotoG5PlusTestNGRunnerTest"/>
  <testcase name="scenario" time="31.947" classname="com.impiger.freshbeniesmobile.runner.MotoG5PlusTestNGRunnerTest"/>
  <testcase name="scenario" time="16.149" classname="com.impiger.freshbeniesmobile.runner.MotoG5PlusTestNGRunnerTest"/>
</testsuite> <!-- com.impiger.freshbeniesmobile.runner.MotoG5PlusTestNGRunnerTest -->
