<?xml version="1.0" encoding="UTF-8"?>
<!-- Generated by org.testng.reporters.JUnitReportReporter -->
<testsuite skipped="0" hostname="DESKTOP-QUFA5SU" name="com.impiger.freshbeniesmobile.runner.TestRunner" tests="1" failures="0" timestamp="06 May 2020 12:20:39 GMT" time="56.796" errors="0">
  <testcase name="feature" time="56.796" classname="com.impiger.freshbeniesmobile.runner.TestRunner"/>
</testsuite> <!-- com.impiger.freshbeniesmobile.runner.TestRunner -->
