<?xml version="1.0" encoding="UTF-8"?>
<!-- Generated by org.testng.reporters.JUnitReportReporter -->
<testsuite skipped="0" hostname="DESKTOP-QUFA5SU" name="com.impiger.freshbeniesmobile.runner.TestEmulatorTestNGRunnerTest" tests="1" failures="0" timestamp="08 Jun 2020 10:47:06 GMT" time="49.899" errors="0">
  <testcase name="scenario" time="49.899" classname="com.impiger.freshbeniesmobile.runner.TestEmulatorTestNGRunnerTest"/>
</testsuite> <!-- com.impiger.freshbeniesmobile.runner.TestEmulatorTestNGRunnerTest -->
