<?xml version="1.0" encoding="UTF-8"?>
<!-- Generated by org.testng.reporters.JUnitReportReporter -->
<testsuite skipped="0" hostname="DESKTOP-QUFA5SU" name="com.impiger.freshbeniesmobile.runner.Android_v10TestNGRunnerTest" tests="3" failures="0" timestamp="08 Jul 2020 10:17:22 GMT" time="103.507" errors="0">
  <testcase name="scenario" time="45.731" classname="com.impiger.freshbeniesmobile.runner.Android_v10TestNGRunnerTest"/>
  <testcase name="scenario" time="37.409" classname="com.impiger.freshbeniesmobile.runner.Android_v10TestNGRunnerTest"/>
  <testcase name="scenario" time="20.367" classname="com.impiger.freshbeniesmobile.runner.Android_v10TestNGRunnerTest"/>
</testsuite> <!-- com.impiger.freshbeniesmobile.runner.Android_v10TestNGRunnerTest -->
