<?xml version="1.0" encoding="UTF-8"?>
<!-- Generated by org.testng.reporters.JUnitReportReporter -->
<testsuite skipped="0" hostname="DESKTOP-QUFA5SU" name="com.impiger.freshbeniesmobile.runner.MotoG5PlusTestNGRunnerTest" tests="3" failures="0" timestamp="08 Jul 2020 10:17:22 GMT" time="92.457" errors="0">
  <testcase name="scenario" time="40.784" classname="com.impiger.freshbeniesmobile.runner.MotoG5PlusTestNGRunnerTest"/>
  <testcase name="scenario" time="18.625" classname="com.impiger.freshbeniesmobile.runner.MotoG5PlusTestNGRunnerTest"/>
  <testcase name="scenario" time="33.048" classname="com.impiger.freshbeniesmobile.runner.MotoG5PlusTestNGRunnerTest"/>
</testsuite> <!-- com.impiger.freshbeniesmobile.runner.MotoG5PlusTestNGRunnerTest -->
